[debug] [2026-06-16T00:10:42.811Z] ----------------------------------------------------------------------
[debug] [2026-06-16T00:10:42.813Z] Command:       /opt/node22/bin/node /opt/node22/bin/firebase deploy --only hosting --project yuiri-1f4d3 --force
[debug] [2026-06-16T00:10:42.814Z] CLI Version:   15.20.0
[debug] [2026-06-16T00:10:42.814Z] Platform:      linux
[debug] [2026-06-16T00:10:42.814Z] Node Version:  v22.22.2
[debug] [2026-06-16T00:10:42.814Z] Time:          Tue Jun 16 2026 00:10:42 GMT+0000 (Coordinated Universal Time)
[debug] [2026-06-16T00:10:42.814Z] ----------------------------------------------------------------------
[debug] 
[debug] [2026-06-16T00:10:42.816Z] >>> [apiv2][query] GET https://firebase-public.firebaseio.com/cli.json [none]
[debug] [2026-06-16T00:10:43.680Z] > command requires scopes: ["email","openid","https://www.googleapis.com/auth/cloudplatformprojects.readonly","https://www.googleapis.com/auth/firebase","https://www.googleapis.com/auth/cloud-platform"]
[debug] [2026-06-16T00:10:43.744Z] <<< [apiv2][status] GET https://firebase-public.firebaseio.com/cli.json 403
[debug] [2026-06-16T00:10:43.744Z] <<< [apiv2][body] GET https://firebase-public.firebaseio.com/cli.json "Host not in allowlist: firebase-public.firebaseio.com. Add this host to your network egress settings to allow access."
[warn] ⚠  Unable to fetch the CLI MOTD and remote config. This is not a fatal error, but may indicate an issue with your network connection. 
[debug] [2026-06-16T00:10:43.745Z] Failed to fetch MOTD FirebaseError: Unable to parse JSON: SyntaxError: Unexpected token 'H', "Host not i"... is not valid JSON
[debug] [2026-06-16T00:10:43.772Z] Running auto auth
[debug] [2026-06-16T00:10:43.773Z] [iam] checking project yuiri-1f4d3 for permissions ["firebase.projects.get","firebasehosting.sites.update"]
[debug] [2026-06-16T00:10:43.774Z] No OAuth tokens found
[debug] [2026-06-16T00:10:43.774Z] >>> [apiv2][query] POST https://cloudresourcemanager.googleapis.com/v1/projects/yuiri-1f4d3:testIamPermissions [none]
[debug] [2026-06-16T00:10:43.774Z] >>> [apiv2][(partial)header] POST https://cloudresourcemanager.googleapis.com/v1/projects/yuiri-1f4d3:testIamPermissions  x-goog-user-project=yuiri-1f4d3
[debug] [2026-06-16T00:10:43.774Z] >>> [apiv2][body] POST https://cloudresourcemanager.googleapis.com/v1/projects/yuiri-1f4d3:testIamPermissions {"permissions":["firebase.projects.get","firebasehosting.sites.update"]}
[debug] [2026-06-16T00:10:43.836Z] <<< [apiv2][status] POST https://cloudresourcemanager.googleapis.com/v1/projects/yuiri-1f4d3:testIamPermissions 200
[debug] [2026-06-16T00:10:43.837Z] <<< [apiv2][body] POST https://cloudresourcemanager.googleapis.com/v1/projects/yuiri-1f4d3:testIamPermissions {"permissions":["firebase.projects.get","firebasehosting.sites.update"]}
[debug] [2026-06-16T00:10:43.838Z] No OAuth tokens found
[debug] [2026-06-16T00:10:43.838Z] >>> [apiv2][query] GET https://firebase.googleapis.com/v1beta1/projects/yuiri-1f4d3 [none]
[debug] [2026-06-16T00:10:44.083Z] <<< [apiv2][status] GET https://firebase.googleapis.com/v1beta1/projects/yuiri-1f4d3 200
[debug] [2026-06-16T00:10:44.083Z] <<< [apiv2][body] GET https://firebase.googleapis.com/v1beta1/projects/yuiri-1f4d3 {"projectId":"yuiri-1f4d3","projectNumber":"188268382869","displayName":"Yuiri","name":"projects/yuiri-1f4d3","resources":{"hostingSite":"yuiri-1f4d3"},"state":"ACTIVE","etag":"1_34613cd5-cd31-4c8e-b118-bb11ddd6a065"}
[debug] [2026-06-16T00:10:45.341Z] No OAuth tokens found
[debug] [2026-06-16T00:10:45.342Z] >>> [apiv2][query] GET https://firebasehosting.googleapis.com/v1beta1/projects/yuiri-1f4d3/sites pageToken=&pageSize=10
[debug] [2026-06-16T00:10:45.852Z] <<< [apiv2][status] GET https://firebasehosting.googleapis.com/v1beta1/projects/yuiri-1f4d3/sites 200
[debug] [2026-06-16T00:10:45.852Z] <<< [apiv2][body] GET https://firebasehosting.googleapis.com/v1beta1/projects/yuiri-1f4d3/sites {"sites":[{"name":"projects/yuiri-1f4d3/sites/yuiri-1f4d3","defaultUrl":"https://yuiri-1f4d3.web.app","appId":"1:188268382869:web:dcd6d93a99b571652e299c","type":"DEFAULT_SITE"}]}
[debug] [2026-06-16T00:10:45.853Z] No OAuth tokens found
[debug] [2026-06-16T00:10:45.853Z] >>> [apiv2][query] GET https://firebase.googleapis.com/v1beta1/projects/-/webApps/1:188268382869:web:dcd6d93a99b571652e299c/config [none]
[debug] [2026-06-16T00:10:46.205Z] <<< [apiv2][status] GET https://firebase.googleapis.com/v1beta1/projects/-/webApps/1:188268382869:web:dcd6d93a99b571652e299c/config 200
[debug] [2026-06-16T00:10:46.205Z] <<< [apiv2][body] GET https://firebase.googleapis.com/v1beta1/projects/-/webApps/1:188268382869:web:dcd6d93a99b571652e299c/config {"projectId":"yuiri-1f4d3","appId":"1:188268382869:web:dcd6d93a99b571652e299c","storageBucket":"yuiri-1f4d3.firebasestorage.app","apiKey":"AIzaSyApauIJJARHLIgpPf1EMW1KCzP-_-D8yf0","authDomain":"yuiri-1f4d3.firebaseapp.com","messagingSenderId":"188268382869","measurementId":"G-2LXDK4KXRY","projectNumber":"188268382869","version":"2"}
[info] 
   Thank you for trying our early preview of Next.js support on Firebase Hosting.
   During the preview, support is best-effort and breaking changes can be expected. Proceed with caution.
   The integration is known to work with Next.js version 12 - 16.0. You may encounter errors.

   Documentation: https://firebase.google.com/docs/hosting/frameworks/nextjs
   File a bug: https://github.com/firebase/firebase-tools/issues/new?template=bug_report.md
   Submit a feature request: https://github.com/firebase/firebase-tools/issues/new?template=feature_request.md

   We'd love to learn from you. Express your interest in helping us shape the future of Firebase Hosting: https://goo.gle/41enW5X

[debug] [2026-06-16T00:10:49.015Z] No OAuth tokens found
[debug] [2026-06-16T00:10:49.015Z] >>> [apiv2][query] GET https://firebasehosting.googleapis.com/v1beta1/projects/yuiri-1f4d3/sites/yuiri-1f4d3 [none]
[debug] [2026-06-16T00:10:49.388Z] <<< [apiv2][status] GET https://firebasehosting.googleapis.com/v1beta1/projects/yuiri-1f4d3/sites/yuiri-1f4d3 200
[debug] [2026-06-16T00:10:49.388Z] <<< [apiv2][body] GET https://firebasehosting.googleapis.com/v1beta1/projects/yuiri-1f4d3/sites/yuiri-1f4d3 {"name":"projects/yuiri-1f4d3/sites/yuiri-1f4d3","defaultUrl":"https://yuiri-1f4d3.web.app","appId":"1:188268382869:web:dcd6d93a99b571652e299c","type":"DEFAULT_SITE"}
[info] ▲ Next.js 16.2.9 (Turbopack)

[info] - Environments: .env.local, .env


[info] ⚠ The "middleware" file convention is deprecated. Please use "proxy" instead. Learn more: https://nextjs.org/docs/messages/middleware-to-proxy

[info]   Creating an optimized production build ...

[info] ✓ Compiled successfully in 8.8s

[info]   Running TypeScript ...

[info]   Finished TypeScript in 5.9s ...

[info]   Collecting page data using 3 workers ...

[info]   Generating static pages using 3 workers (0/19) ...

[info]   Generating static pages using 3 workers (4/19) 

[info]   Generating static pages using 3 workers (9/19) 

[info]   Generating static pages using 3 workers (14/19) 

[info] ✓ Generating static pages using 3 workers (19/19) in 587ms

[info]   Finalizing page optimization ...

[info] 
Route (app)
┌ ○ /
├ ○ /_not-found
├ ƒ /api/appointments
├ ƒ /api/appointments/[id]
├ ƒ /api/auth/[...nextauth]
├ ƒ /api/billing
├ ƒ /api/billing/[id]
├ ƒ /api/clients
├ ƒ /api/clients/[id]
├ ƒ /api/dashboard
├ ƒ /api/evaluations
├ ƒ /api/evaluations/[id]
├ ƒ /api/seed
├ ƒ /api/users
├ ƒ /api/users/[id]
├ ƒ /billing
├ ƒ /clients
├ ƒ /clients/[id]
├ ƒ /dashboard
├ ƒ /evaluations
├ ƒ /evaluations/[id]
├ ○ /login
├ ƒ /reports
├ ƒ /scheduling
└ ƒ /settings/users


ƒ Proxy (Middleware)

○  (Static)   prerendered as static content
ƒ  (Dynamic)  server-rendered on demand


[info] Building a Cloud Function to run this application. This is needed due to:
[info]  • middleware
[info]  • non-static component /(dashboard)/billing/page
[info]  • non-static component /(dashboard)/clients/[id]/page
[info]  • non-static component /(dashboard)/clients/page
[info]  • non-static component /(dashboard)/dashboard/page
[debug] [2026-06-16T00:11:07.882Z]  • non-static component /(dashboard)/evaluations/[id]/page
[debug] [2026-06-16T00:11:07.882Z]  • non-static component /(dashboard)/evaluations/page
[debug] [2026-06-16T00:11:07.882Z]  • non-static component /(dashboard)/reports/page
[debug] [2026-06-16T00:11:07.882Z]  • non-static component /(dashboard)/scheduling/page
[debug] [2026-06-16T00:11:07.882Z]  • non-static component /(dashboard)/settings/users/page
[debug] [2026-06-16T00:11:07.882Z]  • non-static component /api/appointments/[id]/route
[debug] [2026-06-16T00:11:07.882Z]  • non-static component /api/appointments/route
[debug] [2026-06-16T00:11:07.882Z]  • non-static component /api/auth/[...nextauth]/route
[debug] [2026-06-16T00:11:07.882Z]  • non-static component /api/billing/[id]/route
[debug] [2026-06-16T00:11:07.882Z]  • non-static component /api/billing/route
[debug] [2026-06-16T00:11:07.882Z]  • non-static component /api/clients/[id]/route
[debug] [2026-06-16T00:11:07.882Z]  • non-static component /api/clients/route
[debug] [2026-06-16T00:11:07.882Z]  • non-static component /api/dashboard/route
[debug] [2026-06-16T00:11:07.882Z]  • non-static component /api/evaluations/[id]/route
[debug] [2026-06-16T00:11:07.882Z]  • non-static component /api/evaluations/route
[debug] [2026-06-16T00:11:07.882Z]  • non-static component /api/seed/route
[debug] [2026-06-16T00:11:07.882Z]  • non-static component /api/users/[id]/route
[debug] [2026-06-16T00:11:07.882Z]  • non-static component /api/users/route
[info]  • and 18 other reasons, use --debug to see more
[info] 
[debug] [2026-06-16T00:11:08.421Z] skipping / due to it matching an unsupported rewrite/redirect/header or middlware
[debug] [2026-06-16T00:11:08.421Z] skipping /_global-error due to it matching an unsupported rewrite/redirect/header or middlware
[debug] [2026-06-16T00:11:08.421Z] skipping /_not-found due to it matching an unsupported rewrite/redirect/header or middlware
[debug] [2026-06-16T00:11:08.422Z] skipping /404 due to it matching an unsupported rewrite/redirect/header or middlware
[debug] [2026-06-16T00:11:08.422Z] skipping /500 due to it matching an unsupported rewrite/redirect/header or middlware
[debug] [2026-06-16T00:11:10.016Z] No OAuth tokens found
[debug] [2026-06-16T00:11:10.016Z] >>> [apiv2][query] GET https://firebasehosting.googleapis.com/v1beta1/projects/yuiri-1f4d3/sites/yuiri-1f4d3 [none]
[debug] [2026-06-16T00:11:10.453Z] <<< [apiv2][status] GET https://firebasehosting.googleapis.com/v1beta1/projects/yuiri-1f4d3/sites/yuiri-1f4d3 200
[debug] [2026-06-16T00:11:10.453Z] <<< [apiv2][body] GET https://firebasehosting.googleapis.com/v1beta1/projects/yuiri-1f4d3/sites/yuiri-1f4d3 {"name":"projects/yuiri-1f4d3/sites/yuiri-1f4d3","defaultUrl":"https://yuiri-1f4d3.web.app","appId":"1:188268382869:web:dcd6d93a99b571652e299c","type":"DEFAULT_SITE"}
[debug] [2026-06-16T00:11:14.424Z] [web frameworks] effective firebase.json:  {
  "hosting": [
    {
      "source": ".",
      "ignore": [
        "firebase.json",
        "**/.*",
        "**/node_modules/**"
      ],
      "frameworksBackend": {
        "region": "us-central1"
      },
      "site": "yuiri-1f4d3",
      "rewrites": [
        {
          "source": "**",
          "function": {
            "functionId": "ssryuiri1f4d3",
            "region": "us-central1",
            "pinTag": true
          }
        }
      ],
      "redirects": [],
      "headers": [
        {
          "source": "/_global-error",
          "headers": [
            {
              "key": "x-nextjs-stale-time",
              "value": "300"
            },
            {
              "key": "x-nextjs-prerender",
              "value": "1"
            },
            {
              "key": "x-next-cache-tags",
              "value": "_N_T_/layout,_N_T_/_global-error/layout,_N_T_/_global-error/page,_N_T_/_global-error"
            }
          ]
        },
        {
          "source": "/favicon.ico",
          "headers": [
            {
              "key": "cache-control",
              "value": "public, max-age=0, must-revalidate"
            },
            {
              "key": "content-type",
              "value": "image/x-icon"
            },
            {
              "key": "x-next-cache-tags",
              "value": "_N_T_/layout,_N_T_/favicon.ico/layout,_N_T_/favicon.ico/route,_N_T_/favicon.ico"
            }
          ]
        },
        {
          "source": "/_not-found",
          "headers": [
            {
              "key": "x-nextjs-stale-time",
              "value": "300"
            },
            {
              "key": "x-nextjs-prerender",
              "value": "1"
            },
            {
              "key": "x-next-cache-tags",
              "value": "_N_T_/layout,_N_T_/_not-found/layout,_N_T_/_not-found/page,_N_T_/_not-found"
            }
          ]
        },
        {
          "source": "**/*.[jt]s",
          "headers": [
            {
              "key": "Set-Cookie",
              "value": "__FIREBASE_DEFAULTS__=eyJjb25maWciOnsicHJvamVjdElkIjoieXVpcmktMWY0ZDMiLCJhcHBJZCI6IjE6MTg4MjY4MzgyODY5OndlYjpkY2Q2ZDkzYTk5YjU3MTY1MmUyOTljIiwic3RvcmFnZUJ1Y2tldCI6Inl1aXJpLTFmNGQzLmZpcmViYXNlc3RvcmFnZS5hcHAiLCJhcGlLZXkiOiJBSXphU3lBcGF1SUpKQVJITElncFBmMUVNVzFLQ3pQLV8tRDh5ZjAiLCJhdXRoRG9tYWluIjoieXVpcmktMWY0ZDMuZmlyZWJhc2VhcHAuY29tIiwibWVzc2FnaW5nU2VuZGVySWQiOiIxODgyNjgzODI4NjkiLCJtZWFzdXJlbWVudElkIjoiRy0yTFhESzRLWFJZIiwicHJvamVjdE51bWJlciI6IjE4ODI2ODM4Mjg2OSIsInZlcnNpb24iOiIyIn0sIl9hdXRoVG9rZW5TeW5jVVJMIjoiL19fc2Vzc2lvbiJ9; SameSite=Strict; Expires=2028-05-10T10:51:14.424Z; Path=/;"
            }
          ]
        }
      ],
      "cleanUrls": true,
      "trailingSlash": false,
      "public": ".firebase/yuiri-1f4d3/hosting",
      "webFramework": "next_ssr"
    }
  ],
  "functions": [
    {
      "source": ".firebase/yuiri-1f4d3/functions",
      "codebase": "firebase-frameworks-yuiri-1f4d3"
    }
  ]
}
[debug] [2026-06-16T00:11:14.425Z] > command requires scopes: ["email","openid","https://www.googleapis.com/auth/cloudplatformprojects.readonly","https://www.googleapis.com/auth/firebase","https://www.googleapis.com/auth/cloud-platform"]
[debug] [2026-06-16T00:11:14.425Z] Running auto auth
[debug] [2026-06-16T00:11:14.425Z] [iam] checking project yuiri-1f4d3 for permissions ["cloudfunctions.functions.create","cloudfunctions.functions.delete","cloudfunctions.functions.get","cloudfunctions.functions.list","cloudfunctions.functions.update","cloudfunctions.operations.get","firebase.projects.get"]
[debug] [2026-06-16T00:11:14.426Z] No OAuth tokens found
[debug] [2026-06-16T00:11:14.426Z] >>> [apiv2][query] POST https://cloudresourcemanager.googleapis.com/v1/projects/yuiri-1f4d3:testIamPermissions [none]
[debug] [2026-06-16T00:11:14.426Z] >>> [apiv2][(partial)header] POST https://cloudresourcemanager.googleapis.com/v1/projects/yuiri-1f4d3:testIamPermissions  x-goog-user-project=yuiri-1f4d3
[debug] [2026-06-16T00:11:14.426Z] >>> [apiv2][body] POST https://cloudresourcemanager.googleapis.com/v1/projects/yuiri-1f4d3:testIamPermissions {"permissions":["cloudfunctions.functions.create","cloudfunctions.functions.delete","cloudfunctions.functions.get","cloudfunctions.functions.list","cloudfunctions.functions.update","cloudfunctions.operations.get","firebase.projects.get"]}
[debug] [2026-06-16T00:11:14.479Z] <<< [apiv2][status] POST https://cloudresourcemanager.googleapis.com/v1/projects/yuiri-1f4d3:testIamPermissions 200
[debug] [2026-06-16T00:11:14.479Z] <<< [apiv2][body] POST https://cloudresourcemanager.googleapis.com/v1/projects/yuiri-1f4d3:testIamPermissions {"permissions":["cloudfunctions.functions.create","cloudfunctions.functions.delete","cloudfunctions.functions.get","cloudfunctions.functions.list","cloudfunctions.functions.update","cloudfunctions.operations.get","firebase.projects.get"]}
[debug] [2026-06-16T00:11:14.480Z] No OAuth tokens found
[debug] [2026-06-16T00:11:14.480Z] >>> [apiv2][query] GET https://cloudfunctions.googleapis.com/v1/projects/yuiri-1f4d3/locations/-/functions [none]
[debug] [2026-06-16T00:11:14.899Z] <<< [apiv2][status] GET https://cloudfunctions.googleapis.com/v1/projects/yuiri-1f4d3/locations/-/functions 200
[debug] [2026-06-16T00:11:14.899Z] <<< [apiv2][body] GET https://cloudfunctions.googleapis.com/v1/projects/yuiri-1f4d3/locations/-/functions {}
[debug] [2026-06-16T00:11:14.900Z] No OAuth tokens found
[debug] [2026-06-16T00:11:14.900Z] >>> [apiv2][query] GET https://cloudfunctions.googleapis.com/v2/projects/yuiri-1f4d3/locations/-/functions filter=environment%3D%22GEN_2%22
[debug] [2026-06-16T00:11:15.269Z] <<< [apiv2][status] GET https://cloudfunctions.googleapis.com/v2/projects/yuiri-1f4d3/locations/-/functions 200
[debug] [2026-06-16T00:11:15.270Z] <<< [apiv2][body] GET https://cloudfunctions.googleapis.com/v2/projects/yuiri-1f4d3/locations/-/functions {"functions":[{"name":"projects/yuiri-1f4d3/locations/us-central1/functions/ssryuiri1f4d3","buildConfig":{"build":"projects/188268382869/locations/us-central1/builds/1ff05005-11b6-4354-ab5a-cd6bac2f1884","runtime":"nodejs22","entryPoint":"ssryuiri1f4d3","source":{"storageSource":{"bucket":"gcf-v2-sources-188268382869-us-central1","object":"ssryuiri1f4d3/function-source.zip","generation":"1781568320719595"}},"environmentVariables":{"GOOGLE_NODE_RUN_SCRIPTS":""},"dockerRepository":"projects/yuiri-1f4d3/locations/us-central1/repositories/gcf-artifacts","sourceProvenance":{"resolvedStorageSource":{"bucket":"gcf-v2-sources-188268382869-us-central1","object":"ssryuiri1f4d3/function-source.zip","generation":"1781568320719595"}},"dockerRegistry":"ARTIFACT_REGISTRY","serviceAccount":"projects/yuiri-1f4d3/serviceAccounts/188268382869-compute@developer.gserviceaccount.com","automaticUpdatePolicy":{}},"serviceConfig":{"service":"projects/yuiri-1f4d3/locations/us-central1/services/ssryuiri1f4d3","timeoutSeconds":60,"environmentVariables":{"VERCEL_URL":"yuiri-1f4d3.web.app","__FIREBASE_FRAMEWORKS_ENTRY__":"next.js","__FIREBASE_DEFAULTS__":"{\"config\":{\"projectId\":\"yuiri-1f4d3\",\"appId\":\"1:188268382869:web:dcd6d93a99b571652e299c\",\"storageBucket\":\"yuiri-1f4d3.firebasestorage.app\",\"apiKey\":\"AIzaSyApauIJJARHLIgpPf1EMW1KCzP-_-D8yf0\",\"authDomain\":\"yuiri-1f4d3.firebaseapp.com\",\"messagingSenderId\":\"188268382869\",\"measurementId\":\"G-2LXDK4KXRY\",\"projectNumber\":\"188268382869\",\"version\":\"2\"},\"_authTokenSyncURL\":\"/__session\"}","FIREBASE_CONFIG":"{\"projectId\":\"yuiri-1f4d3\",\"storageBucket\":\"yuiri-1f4d3.firebasestorage.app\"}","GCLOUD_PROJECT":"yuiri-1f4d3","EVENTARC_CLOUD_EVENT_SOURCE":"projects/yuiri-1f4d3/locations/us-central1/services/ssryuiri1f4d3","FUNCTION_TARGET":"ssryuiri1f4d3","LOG_EXECUTION_ID":"true"},"maxInstanceCount":20,"ingressSettings":"ALLOW_ALL","uri":"https://ssryuiri1f4d3-lyyo373o3q-uc.a.run.app","serviceAccountEmail":"188268382869-compute@developer.gserviceaccount.com","availableMemory":"256Mi","allTrafficOnLatestRevision":true,"revision":"ssryuiri1f4d3-00004-qax","maxInstanceRequestConcurrency":80,"availableCpu":"1"},"state":"ACTIVE","updateTime":"2026-06-16T00:07:24.906286389Z","labels":{"deployment-tool":"cli-firebase","firebase-functions-codebase":"firebase-frameworks-yuiri-1f4d3","firebase-functions-hash":"bf8279c77b42733b1544e5e4a7553abc5f9f1365"},"environment":"GEN_2","url":"https://us-central1-yuiri-1f4d3.cloudfunctions.net/ssryuiri1f4d3","createTime":"2026-06-15T23:38:31.090427459Z","satisfiesPzi":true}]}
[info] i  hosting: The following function(s) are pinned to site yuiri-1f4d3 and will be deployed as well: ssryuiri1f4d3 
[info] 
[info] === Deploying to 'yuiri-1f4d3'...
[info] 
[info] i  deploying functions, hosting 
[debug] [2026-06-16T00:11:15.273Z] No OAuth tokens found
[debug] [2026-06-16T00:11:15.273Z] >>> [apiv2][query] GET https://cloudresourcemanager.googleapis.com/v1/projects/yuiri-1f4d3 [none]
[debug] [2026-06-16T00:11:15.350Z] <<< [apiv2][status] GET https://cloudresourcemanager.googleapis.com/v1/projects/yuiri-1f4d3 200
[debug] [2026-06-16T00:11:15.350Z] <<< [apiv2][body] GET https://cloudresourcemanager.googleapis.com/v1/projects/yuiri-1f4d3 {"projectNumber":"188268382869","projectId":"yuiri-1f4d3","lifecycleState":"ACTIVE","name":"Yuiri","labels":{"firebase":"enabled","firebase-core":"disabled"},"createTime":"2026-06-15T20:13:07.653Z"}
[info] i  functions: preparing codebase firebase-frameworks-yuiri-1f4d3 for deployment 
[info] i  functions: ensuring required API cloudfunctions.googleapis.com is enabled... 
[info] i  functions: ensuring required API cloudbuild.googleapis.com is enabled... 
[info] i  artifactregistry: ensuring required API artifactregistry.googleapis.com is enabled... 
[debug] [2026-06-16T00:11:15.351Z] No OAuth tokens found
[debug] [2026-06-16T00:11:15.352Z] >>> [apiv2][query] GET https://firebase.googleapis.com/v1beta1/projects/yuiri-1f4d3/adminSdkConfig [none]
[debug] [2026-06-16T00:11:15.646Z] <<< [apiv2][status] GET https://firebase.googleapis.com/v1beta1/projects/yuiri-1f4d3/adminSdkConfig 200
[debug] [2026-06-16T00:11:15.647Z] <<< [apiv2][body] GET https://firebase.googleapis.com/v1beta1/projects/yuiri-1f4d3/adminSdkConfig {"projectId":"yuiri-1f4d3","storageBucket":"yuiri-1f4d3.firebasestorage.app"}
[debug] [2026-06-16T00:11:15.647Z] No OAuth tokens found
[debug] [2026-06-16T00:11:15.647Z] >>> [apiv2][query] GET https://runtimeconfig.googleapis.com/v1beta1/projects/yuiri-1f4d3/configs [none]
[debug] [2026-06-16T00:11:16.179Z] <<< [apiv2][status] GET https://runtimeconfig.googleapis.com/v1beta1/projects/yuiri-1f4d3/configs 403
[debug] [2026-06-16T00:11:16.179Z] <<< [apiv2][body] GET https://runtimeconfig.googleapis.com/v1beta1/projects/yuiri-1f4d3/configs {"error":{"code":403,"message":"The caller does not have permission","status":"PERMISSION_DENIED"}}
[debug] Request to https://runtimeconfig.googleapis.com/v1beta1/projects/yuiri-1f4d3/configs had HTTP Error: 403, The caller does not have permission
[debug] [2026-06-16T00:11:16.182Z] Validating nodejs source
[warn] ⚠  functions: package.json indicates an outdated version of firebase-functions. Please upgrade using npm install --save firebase-functions@latest in your functions directory. 
[warn] ⚠  functions: Please note that there will be breaking changes when you upgrade. 
[debug] [2026-06-16T00:11:16.523Z] > [functions] package.json contents: {
  "name": "yuiri",
  "version": "0.1.0",
  "private": true,
  "dependencies": {
    "@radix-ui/react-avatar": "^1.2.0",
    "@radix-ui/react-checkbox": "^1.3.5",
    "@radix-ui/react-dialog": "^1.1.17",
    "@radix-ui/react-dropdown-menu": "^2.1.18",
    "@radix-ui/react-label": "^2.1.10",
    "@radix-ui/react-popover": "^1.1.17",
    "@radix-ui/react-scroll-area": "^1.2.12",
    "@radix-ui/react-select": "^2.3.1",
    "@radix-ui/react-separator": "^1.1.10",
    "@radix-ui/react-slot": "^1.3.0",
    "@radix-ui/react-tabs": "^1.1.15",
    "@radix-ui/react-toast": "^1.2.17",
    "@radix-ui/react-tooltip": "^1.2.10",
    "bcryptjs": "^3.0.3",
    "class-variance-authority": "^0.7.1",
    "clsx": "^2.1.1",
    "date-fns": "^4.4.0",
    "firebase": "^12.14.0",
    "firebase-admin": "^13.10.0",
    "lucide-react": "^1.18.0",
    "next": "16.2.9",
    "next-auth": "^4.24.14",
    "react": "19.2.4",
    "react-dom": "19.2.4",
    "recharts": "^3.8.1",
    "tailwind-merge": "^3.6.0",
    "tailwindcss-animate": "^1.0.7",
    "firebase-frameworks": "^0.11.0",
    "firebase-functions": "^6.0.1"
  },
  "main": "server.js",
  "engines": {
    "node": "22"
  }
}
[debug] [2026-06-16T00:11:16.523Z] Building nodejs source
[info] i  functions: Loading and analyzing source code for codebase firebase-frameworks-yuiri-1f4d3 to determine what to deploy 
[debug] [2026-06-16T00:11:16.524Z] Could not find functions.yaml. Must use http discovery
[debug] [2026-06-16T00:11:16.529Z] Found firebase-functions binary at '/home/user/YUIRI/.firebase/yuiri-1f4d3/functions/node_modules/.bin/firebase-functions'
[info] Serving at port 8678

[debug] [2026-06-16T00:11:16.750Z] Got response from /__/functions.yaml {"endpoints":{"ssryuiri1f4d3":{"availableMemoryMb":null,"timeoutSeconds":null,"minInstances":null,"maxInstances":null,"ingressSettings":null,"concurrency":null,"serviceAccountEmail":null,"vpc":null,"platform":"gcfv2","region":["us-central1"],"labels":{},"httpsTrigger":{},"entryPoint":"ssryuiri1f4d3"}},"specVersion":"v1alpha1","requiredAPIs":[],"extensions":{}}
[info] i  extensions: ensuring required API firebaseextensions.googleapis.com is enabled... 
[debug] [2026-06-16T00:11:20.779Z] No OAuth tokens found
[debug] [2026-06-16T00:11:20.779Z] >>> [apiv2][query] GET https://serviceusage.googleapis.com/v1/projects/yuiri-1f4d3/services/firebaseextensions.googleapis.com [none]
[debug] [2026-06-16T00:11:20.779Z] >>> [apiv2][(partial)header] GET https://serviceusage.googleapis.com/v1/projects/yuiri-1f4d3/services/firebaseextensions.googleapis.com  x-goog-user-project=yuiri-1f4d3
[debug] [2026-06-16T00:11:20.953Z] <<< [apiv2][status] GET https://serviceusage.googleapis.com/v1/projects/yuiri-1f4d3/services/firebaseextensions.googleapis.com 200
[debug] [2026-06-16T00:11:20.953Z] <<< [apiv2][body] GET https://serviceusage.googleapis.com/v1/projects/yuiri-1f4d3/services/firebaseextensions.googleapis.com [omitted]
[warn] ⚠  extensions: missing required API firebaseextensions.googleapis.com. Enabling now... 
[debug] [2026-06-16T00:11:20.953Z] No OAuth tokens found
[debug] [2026-06-16T00:11:20.954Z] >>> [apiv2][query] POST https://serviceusage.googleapis.com/v1/projects/yuiri-1f4d3/services/firebaseextensions.googleapis.com:enable [none]
[debug] [2026-06-16T00:11:20.954Z] >>> [apiv2][(partial)header] POST https://serviceusage.googleapis.com/v1/projects/yuiri-1f4d3/services/firebaseextensions.googleapis.com:enable  x-goog-user-project=yuiri-1f4d3
[debug] [2026-06-16T00:11:21.182Z] <<< [apiv2][status] POST https://serviceusage.googleapis.com/v1/projects/yuiri-1f4d3/services/firebaseextensions.googleapis.com:enable 403
[debug] [2026-06-16T00:11:21.182Z] <<< [apiv2][body] POST https://serviceusage.googleapis.com/v1/projects/yuiri-1f4d3/services/firebaseextensions.googleapis.com:enable [omitted]
[error] ⬢  extensions: Failed to fetch the list of extensions. Assuming for now that there are no existing extensions. If you are trying to install an extension through Firebase Functions this may fail later. 
[debug] [2026-06-16T00:11:21.184Z] Failed to validate key FIREBASE_PROJECT_ID: Error: Key FIREBASE_PROJECT_ID starts with a reserved prefix (X_GOOGLE_ FIREBASE_ EXT_)
[debug] [2026-06-16T00:11:21.184Z] Failed to validate key FIREBASE_CLIENT_EMAIL: Error: Key FIREBASE_CLIENT_EMAIL starts with a reserved prefix (X_GOOGLE_ FIREBASE_ EXT_)
[debug] [2026-06-16T00:11:21.184Z] Failed to validate key FIREBASE_PRIVATE_KEY: Error: Key FIREBASE_PRIVATE_KEY starts with a reserved prefix (X_GOOGLE_ FIREBASE_ EXT_)
[error] Error: Failed to load environment variables from .env.:
[error] - Error Key FIREBASE_PROJECT_ID starts with a reserved prefix (X_GOOGLE_ FIREBASE_ EXT_)
[error] - Error Key FIREBASE_CLIENT_EMAIL starts with a reserved prefix (X_GOOGLE_ FIREBASE_ EXT_)
[error] - Error Key FIREBASE_PRIVATE_KEY starts with a reserved prefix (X_GOOGLE_ FIREBASE_ EXT_)
